<?xml version="1.0" encoding="UTF-8"?>
<!-- Generated by org.testng.reporters.JUnitXMLReporter -->
<testsuite ignored="0" hostname="Anant" failures="0" tests="2" name="Test" time="24.966" errors="0" timestamp="2024-02-29T01:19:55 IST">
  <testcase classname="com.store.TestCases.TC001_CreateAccountPageTest" name="tc001_verifyUserAccountRegistration" time="8.208"/>
  <testcase classname="com.store.TestCases.TC002_UserLoginTest" name="tc002_verifyUserLoginFunctionality" time="5.971"/>
</testsuite> <!-- Test -->
