<?xml version="1.0" encoding="UTF-8"?>
<!-- Generated by org.testng.reporters.JUnitXMLReporter -->
<testsuite ignored="0" hostname="Anant" failures="0" tests="2" name="Test" time="25.947" errors="0" timestamp="2024-03-02T01:10:21 IST">
  <testcase classname="com.store.TestCases.TC001_CreateAccountPageTest" name="tc001_verifyUserAccountRegistration" time="7.659"/>
  <testcase classname="com.store.TestCases.TC002_UserLoginTest" name="tc002_verifyUserLoginFunctionality" time="6.009"/>
</testsuite> <!-- Test -->
