<?xml version="1.0" encoding="UTF-8"?>
<testng-results ignored="0" total="2" passed="2" failed="0" skipped="0">
  <reporter-output>
  </reporter-output>
  <suite started-at="2024-03-03T01:59:58 IST" name="All Test Suite" finished-at="2024-03-03T02:00:30 IST" duration-ms="31760">
    <groups>
    </groups>
    <test started-at="2024-03-03T01:59:58 IST" name="Test" finished-at="2024-03-03T02:00:30 IST" duration-ms="31760">
      <class name="com.store.TestCases.TC002_UserLoginTest">
        <test-method is-config="true" signature="setup()[pri:0, instance:com.store.TestCases.TC002_UserLoginTest@4bb33f74]" started-at="2024-03-03T02:00:15 IST" name="setup" finished-at="2024-03-03T02:00:21 IST" duration-ms="5535" status="PASS">
          <reporter-output>
          </reporter-output>
        </test-method> <!-- setup -->
        <test-method signature="tc002_verifyUserLoginFunctionality()[pri:0, instance:com.store.TestCases.TC002_UserLoginTest@4bb33f74]" started-at="2024-03-03T02:00:21 IST" name="tc002_verifyUserLoginFunctionality" finished-at="2024-03-03T02:00:27 IST" duration-ms="6794" status="PASS">
          <reporter-output>
          </reporter-output>
        </test-method> <!-- tc002_verifyUserLoginFunctionality -->
        <test-method is-config="true" signature="tearDown()[pri:0, instance:com.store.TestCases.TC002_UserLoginTest@4bb33f74]" started-at="2024-03-03T02:00:27 IST" name="tearDown" finished-at="2024-03-03T02:00:30 IST" duration-ms="2542" status="PASS">
          <reporter-output>
          </reporter-output>
        </test-method> <!-- tearDown -->
      </class> <!-- com.store.TestCases.TC002_UserLoginTest -->
      <class name="com.store.TestCases.TC001_CreateAccountPageTest">
        <test-method is-config="true" signature="setup()[pri:0, instance:com.store.TestCases.TC001_CreateAccountPageTest@10feca44]" started-at="2024-03-03T01:59:59 IST" name="setup" finished-at="2024-03-03T02:00:06 IST" duration-ms="7109" status="PASS">
          <reporter-output>
          </reporter-output>
        </test-method> <!-- setup -->
        <test-method signature="tc001_verifyUserAccountRegistration()[pri:0, instance:com.store.TestCases.TC001_CreateAccountPageTest@10feca44]" started-at="2024-03-03T02:00:06 IST" name="tc001_verifyUserAccountRegistration" finished-at="2024-03-03T02:00:14 IST" duration-ms="8388" status="PASS">
          <reporter-output>
          </reporter-output>
        </test-method> <!-- tc001_verifyUserAccountRegistration -->
        <test-method is-config="true" signature="tearDown()[pri:0, instance:com.store.TestCases.TC001_CreateAccountPageTest@10feca44]" started-at="2024-03-03T02:00:14 IST" name="tearDown" finished-at="2024-03-03T02:00:15 IST" duration-ms="991" status="PASS">
          <reporter-output>
          </reporter-output>
        </test-method> <!-- tearDown -->
      </class> <!-- com.store.TestCases.TC001_CreateAccountPageTest -->
    </test> <!-- Test -->
  </suite> <!-- All Test Suite -->
</testng-results>
